cargo :    Compiling 
icu_provider v1.5.0
At line:1 char:1
+ cargo build 
--release 2>&1 | 
Out-File -Encoding 
ascii build.log
+ ~~~~~~~~~~~~~~~~~~~~
~~~~~~
    + CategoryInfo    
          : NotSpeci  
  fied: (   Compili   
 ng icu_provider v    
1.5.0:String) [],     
RemoteException
    + FullyQualifiedE 
   rrorId : NativeCo  
  mmandError
 
   Compiling boa_gc 
v0.19.1
warning: unused 
import: `Specificity`
 --> crates\style\src\
lib.rs:6:47
  |
6 | ...t, 
Specificity, D...
  |       ^^^^^^^^^^^
  |
  = note: `#[warn(unus
ed_imports)]` (part 
of `#[warn(unused)]`) 
on by default

warning: unused 
import: `Node`
 --> crates\style\src\
lib.rs:9:11
  |
9 | ...m::{Node, No...
  |        ^^^^

warning: unused 
import: `std::collecti
ons::HashMap`
  --> crates\style\src
\lib.rs:10:5
   |
10 | use std::collecti
ons::HashMap;
   |     ^^^^^^^^^^^^^
^^^^^^^^^^^^

warning: unreachable 
pattern
   --> crates\style\sr
c\lib.rs:387:21
    |
327 | ..." | "a" | 
"strong" | "em" | "b" 
| "i" | "u" | "code" 
| ...
    |                 
                      
           ------ 
matches all the 
relevant values
...
387 | ... | "code" => 
{
    |       ^^^^^^ no 
value can reach this
    |
    = note: `#[warn(un
reachable_patterns)]` 
(part of 
`#[warn(unused)]`) on 
by default

warning: unreachable 
pattern
   --> crates\style\sr
c\lib.rs:390:13
    |
327 | ...   
"span...mall" => {
    |       
-----...----- matches 
all the relevant 
values
...
390 | ...   "strong" 
| "b" => {
    |       
^^^^^^^^^^^^^^ no 
value can reach this

warning: unreachable 
pattern
   --> crates\style\sr
c\lib.rs:393:13
    |
327 | ...   
"span...mall" => {
    |       
-----...----- matches 
all the relevant 
values
...
393 | ...   "em" | 
"i" => {
    |       
^^^^^^^^^^ no value 
can reach this

warning: `style` 
(lib) generated 6 
warnings (run `cargo 
fix --lib -p style` 
to apply 3 
suggestions)
   Compiling dashmap 
v5.5.3
warning: unused 
imports: `FontWeight` 
and `Position`
 --> crates\layout\src
\lib.rs:6:37
  |
6 | ...y, Position, 
FlexDirection, 
JustifyContent, 
AlignItems, 
FontWeight};
  |       ^^^^^^^^    
                      
                   
^^^^^^^^^^
  |
  = note: `#[warn(unus
ed_imports)]` (part 
of `#[warn(unused)]`) 
on by default

warning: unused 
variable: `is_reverse`
   --> crates\layout\s
rc\lib.rs:242:13
    |
242 | ...et 
is_reverse = ...
    |       
^^^^^^^^^^ help: if 
this is intentional, 
prefix it with an 
underscore: 
`_is_reverse`
    |
    = note: `#[warn(un
used_variables)]` 
(part of 
`#[warn(unused)]`) on 
by default

warning: unused 
variable: `i`
   --> crates\layout\s
rc\lib.rs:329:14
    |
329 | ...r (i, chil...
    |       ^ help: 
if this is 
intentional, prefix 
it with an 
underscore: `_i`

warning: `layout` 
(lib) generated 3 
warnings (run `cargo 
fix --lib -p layout` 
to apply 3 
suggestions)
warning: variants 
`CommentStart` and 
`Doctype` are never 
constructed
  --> crates\html_pars
er\src\tokenizer.rs:56
:5
   |
40 | enum State {
   |      ----- 
variants in this enum
...
56 |     CommentStart,
   |     ^^^^^^^^^^^^
...
59 |     Doctype,
   |     ^^^^^^^
   |
   = note: `State` 
has derived impls for 
the traits `Clone` 
and `Debug`, but 
these are 
intentionally ignored 
during dead code 
analysis
   = note: 
`#[warn(dead_code)]` 
(part of 
`#[warn(unused)]`) on 
by default

warning: field 
`current_token` is 
never read
  --> crates\html_pars
er\src\tokenizer.rs:69
:5
   |
66 | pub struct 
Tokenizer<'a> {
   |            
--------- field in 
this struct
...
69 |     
current_token: Opti...
   |     ^^^^^^^^^^^^^

warning: 
`html_parser` (lib) 
generated 2 warnings
warning: unused 
variable: 
`max_redirects`
   --> crates\network\
src\lib.rs:157:49
    |
157 | ...r, 
max_redirects: u...
    |       
^^^^^^^^^^^^^ help: 
if this is 
intentional, prefix 
it with an 
underscore: 
`_max_redirects`
    |
    = note: `#[warn(un
used_variables)]` 
(part of 
`#[warn(unused)]`) on 
by default

   Compiling render 
v0.1.0 (C:\Users\IJXP\
Pictures\browser\crate
s\render)
warning: `network` 
(lib) generated 1 
warning (run `cargo 
fix --lib -p network` 
to apply 1 suggestion)
error: this file 
contains an unclosed 
delimiter
   --> crates\render\s
rc\lib.rs:788:3
    |
412 | pub fn fill_rect
_buffer(buffer: &mut 
[u32], buf_width: 
u32, buf_height: u32, 
rect: &LayoutRect, 
color: &Color, 
offset_x: i32, 
offset_y: i32) {
    |                 
                      
                      
                      
                      
                      
               - 
unclosed delimiter
...
446 |     impl 
SoftwareRenderer {
    |                 
          - this 
delimiter might not 
be properly closed...
...
788 | }
    | -^
    | |
    | ...as it 
matches this but it 
has different 
indentation

error: could not 
compile `render` 
(lib) due to 1 
previous error
warning: build 
failed, waiting for 
other jobs to 
finish...
